d:\utveckling\c++\secretdungeon\secretdungeon\x64\debug\vc143.pdb
d:\utveckling\c++\secretdungeon\secretdungeon\x64\debug\vc143.idb
d:\utveckling\c++\secretdungeon\secretdungeon\x64\debug\winmain.obj
d:\utveckling\c++\secretdungeon\x64\debug\shaders.cso
d:\utveckling\c++\secretdungeon\secretdungeon\x64\debug\secretdungeon.ilk
d:\utveckling\c++\secretdungeon\x64\debug\secretdungeon.pdb
d:\utveckling\c++\secretdungeon\secretdungeon\x64\debug\secretdungeon.tlog\cl.command.1.tlog
d:\utveckling\c++\secretdungeon\secretdungeon\x64\debug\secretdungeon.tlog\cl.items.tlog
d:\utveckling\c++\secretdungeon\secretdungeon\x64\debug\secretdungeon.tlog\cl.read.1.tlog
d:\utveckling\c++\secretdungeon\secretdungeon\x64\debug\secretdungeon.tlog\cl.write.1.tlog
d:\utveckling\c++\secretdungeon\secretdungeon\x64\debug\secretdungeon.tlog\fxc.command.1.tlog
d:\utveckling\c++\secretdungeon\secretdungeon\x64\debug\secretdungeon.tlog\fxc.read.1.tlog
d:\utveckling\c++\secretdungeon\secretdungeon\x64\debug\secretdungeon.tlog\fxc.write.1.tlog
d:\utveckling\c++\secretdungeon\secretdungeon\x64\debug\secretdungeon.tlog\link.20472-cvtres.read.1.tlog
d:\utveckling\c++\secretdungeon\secretdungeon\x64\debug\secretdungeon.tlog\link.20472-cvtres.write.1.tlog
d:\utveckling\c++\secretdungeon\secretdungeon\x64\debug\secretdungeon.tlog\link.20472-rc.read.1.tlog
d:\utveckling\c++\secretdungeon\secretdungeon\x64\debug\secretdungeon.tlog\link.20472-rc.write.1.tlog
d:\utveckling\c++\secretdungeon\secretdungeon\x64\debug\secretdungeon.tlog\link.20472.read.1.tlog
d:\utveckling\c++\secretdungeon\secretdungeon\x64\debug\secretdungeon.tlog\link.20472.read.2.tlog
d:\utveckling\c++\secretdungeon\secretdungeon\x64\debug\secretdungeon.tlog\link.20472.write.1.tlog
d:\utveckling\c++\secretdungeon\secretdungeon\x64\debug\secretdungeon.tlog\link.command.1.tlog
d:\utveckling\c++\secretdungeon\secretdungeon\x64\debug\secretdungeon.tlog\link.read.1.tlog
d:\utveckling\c++\secretdungeon\secretdungeon\x64\debug\secretdungeon.tlog\link.secondary.1.tlog
d:\utveckling\c++\secretdungeon\secretdungeon\x64\debug\secretdungeon.tlog\link.write.1.tlog
